2020-11-29 12:48:26.327199: I tensorflow/stream_executor/platform/default/dso_loader.cc:48] Successfully opened dynamic library libcudart.so.10.1
TensorBoard 2.3.0 at http://0.0.0.0:1112/ (Press CTRL+C to quit)
ERROR:tensorflow:Couldn't match files for checkpoint ./resample_traj/003/train/../model.ckpt-5005000
E1129 12:51:28.771633 140649991476992 checkpoint_management.py:363] Couldn't match files for checkpoint ./resample_traj/003/train/../model.ckpt-5005000
ERROR:tensorflow:Couldn't match files for checkpoint ./resample_traj/003/test/../model.ckpt-5005000
E1129 12:51:28.824931 140649991476992 checkpoint_management.py:363] Couldn't match files for checkpoint ./resample_traj/003/test/../model.ckpt-5005000
W1129 12:57:42.608601 140650135709440 plugin_event_accumulator.py:323] Found more than one graph event per run, or there was a metagraph containing a graph_def, as well as one or more graph events.  Overwriting the graph with the newest event.
W1129 12:57:42.635536 140650135709440 plugin_event_accumulator.py:335] Found more than one metagraph event per run. Overwriting the metagraph with the newest event.
W1129 12:58:27.598676 140650135709440 plugin_event_accumulator.py:323] Found more than one graph event per run, or there was a metagraph containing a graph_def, as well as one or more graph events.  Overwriting the graph with the newest event.
W1129 12:58:27.627103 140650135709440 plugin_event_accumulator.py:335] Found more than one metagraph event per run. Overwriting the metagraph with the newest event.
W1129 12:59:22.680285 140650135709440 plugin_event_accumulator.py:323] Found more than one graph event per run, or there was a metagraph containing a graph_def, as well as one or more graph events.  Overwriting the graph with the newest event.
W1129 12:59:22.703933 140650135709440 plugin_event_accumulator.py:335] Found more than one metagraph event per run. Overwriting the metagraph with the newest event.
W1129 12:59:57.128876 140650135709440 plugin_event_accumulator.py:323] Found more than one graph event per run, or there was a metagraph containing a graph_def, as well as one or more graph events.  Overwriting the graph with the newest event.
W1129 12:59:57.157112 140650135709440 plugin_event_accumulator.py:335] Found more than one metagraph event per run. Overwriting the metagraph with the newest event.
W1129 13:08:51.435502 140650135709440 plugin_event_accumulator.py:323] Found more than one graph event per run, or there was a metagraph containing a graph_def, as well as one or more graph events.  Overwriting the graph with the newest event.
W1129 13:08:51.438348 140650135709440 plugin_event_accumulator.py:335] Found more than one metagraph event per run. Overwriting the metagraph with the newest event.
W1129 13:08:51.595555 140650135709440 plugin_event_accumulator.py:323] Found more than one graph event per run, or there was a metagraph containing a graph_def, as well as one or more graph events.  Overwriting the graph with the newest event.
W1129 13:08:51.597592 140650135709440 plugin_event_accumulator.py:335] Found more than one metagraph event per run. Overwriting the metagraph with the newest event.
W1129 13:10:38.083752 140650135709440 plugin_event_accumulator.py:323] Found more than one graph event per run, or there was a metagraph containing a graph_def, as well as one or more graph events.  Overwriting the graph with the newest event.
W1129 13:10:38.248932 140650135709440 plugin_event_accumulator.py:323] Found more than one graph event per run, or there was a metagraph containing a graph_def, as well as one or more graph events.  Overwriting the graph with the newest event.
W1129 13:10:38.253047 140650135709440 plugin_event_accumulator.py:335] Found more than one metagraph event per run. Overwriting the metagraph with the newest event.
W1129 13:10:38.395093 140650135709440 plugin_event_accumulator.py:323] Found more than one graph event per run, or there was a metagraph containing a graph_def, as well as one or more graph events.  Overwriting the graph with the newest event.
W1129 13:10:38.398479 140650135709440 plugin_event_accumulator.py:335] Found more than one metagraph event per run. Overwriting the metagraph with the newest event.
W1129 13:10:38.791647 140650135709440 plugin_event_accumulator.py:323] Found more than one graph event per run, or there was a metagraph containing a graph_def, as well as one or more graph events.  Overwriting the graph with the newest event.
W1129 13:10:38.796521 140650135709440 plugin_event_accumulator.py:335] Found more than one metagraph event per run. Overwriting the metagraph with the newest event.
W1129 13:10:38.958091 140650135709440 plugin_event_accumulator.py:323] Found more than one graph event per run, or there was a metagraph containing a graph_def, as well as one or more graph events.  Overwriting the graph with the newest event.
W1129 13:10:38.960587 140650135709440 plugin_event_accumulator.py:335] Found more than one metagraph event per run. Overwriting the metagraph with the newest event.
W1129 13:15:22.743767 140650135709440 plugin_event_accumulator.py:323] Found more than one graph event per run, or there was a metagraph containing a graph_def, as well as one or more graph events.  Overwriting the graph with the newest event.
W1129 13:15:22.746933 140650135709440 plugin_event_accumulator.py:335] Found more than one metagraph event per run. Overwriting the metagraph with the newest event.
W1129 13:15:23.034444 140650135709440 plugin_event_accumulator.py:323] Found more than one graph event per run, or there was a metagraph containing a graph_def, as well as one or more graph events.  Overwriting the graph with the newest event.
W1129 13:15:23.037971 140650135709440 plugin_event_accumulator.py:335] Found more than one metagraph event per run. Overwriting the metagraph with the newest event.
W1129 13:26:43.067854 140650135709440 plugin_event_accumulator.py:323] Found more than one graph event per run, or there was a metagraph containing a graph_def, as well as one or more graph events.  Overwriting the graph with the newest event.
W1129 13:26:43.169843 140650135709440 plugin_event_accumulator.py:323] Found more than one graph event per run, or there was a metagraph containing a graph_def, as well as one or more graph events.  Overwriting the graph with the newest event.
W1129 13:38:04.160863 140650135709440 plugin_event_accumulator.py:323] Found more than one graph event per run, or there was a metagraph containing a graph_def, as well as one or more graph events.  Overwriting the graph with the newest event.
W1129 13:38:04.187753 140650135709440 plugin_event_accumulator.py:335] Found more than one metagraph event per run. Overwriting the metagraph with the newest event.
W1129 13:38:20.996045 140650135709440 plugin_event_accumulator.py:323] Found more than one graph event per run, or there was a metagraph containing a graph_def, as well as one or more graph events.  Overwriting the graph with the newest event.
W1129 13:38:21.021772 140650135709440 plugin_event_accumulator.py:335] Found more than one metagraph event per run. Overwriting the metagraph with the newest event.
W1129 13:38:29.066193 140650135709440 plugin_event_accumulator.py:323] Found more than one graph event per run, or there was a metagraph containing a graph_def, as well as one or more graph events.  Overwriting the graph with the newest event.
W1129 13:38:29.088241 140650135709440 plugin_event_accumulator.py:335] Found more than one metagraph event per run. Overwriting the metagraph with the newest event.
W1129 13:38:57.942681 140650135709440 plugin_event_accumulator.py:323] Found more than one graph event per run, or there was a metagraph containing a graph_def, as well as one or more graph events.  Overwriting the graph with the newest event.
W1129 13:38:57.967186 140650135709440 plugin_event_accumulator.py:335] Found more than one metagraph event per run. Overwriting the metagraph with the newest event.
W1129 13:41:05.902316 140650135709440 plugin_event_accumulator.py:323] Found more than one graph event per run, or there was a metagraph containing a graph_def, as well as one or more graph events.  Overwriting the graph with the newest event.
W1129 13:41:06.013534 140650135709440 plugin_event_accumulator.py:323] Found more than one graph event per run, or there was a metagraph containing a graph_def, as well as one or more graph events.  Overwriting the graph with the newest event.
W1129 13:41:06.118116 140650135709440 plugin_event_accumulator.py:323] Found more than one graph event per run, or there was a metagraph containing a graph_def, as well as one or more graph events.  Overwriting the graph with the newest event.
W1129 13:41:06.193419 140650135709440 plugin_event_accumulator.py:323] Found more than one graph event per run, or there was a metagraph containing a graph_def, as well as one or more graph events.  Overwriting the graph with the newest event.
W1129 13:41:06.278988 140650135709440 plugin_event_accumulator.py:323] Found more than one graph event per run, or there was a metagraph containing a graph_def, as well as one or more graph events.  Overwriting the graph with the newest event.
W1129 13:41:06.281760 140650135709440 plugin_event_accumulator.py:335] Found more than one metagraph event per run. Overwriting the metagraph with the newest event.
W1129 13:41:06.376250 140650135709440 plugin_event_accumulator.py:323] Found more than one graph event per run, or there was a metagraph containing a graph_def, as well as one or more graph events.  Overwriting the graph with the newest event.
W1129 13:41:06.378695 140650135709440 plugin_event_accumulator.py:335] Found more than one metagraph event per run. Overwriting the metagraph with the newest event.
W1129 13:41:06.633307 140650135709440 plugin_event_accumulator.py:323] Found more than one graph event per run, or there was a metagraph containing a graph_def, as well as one or more graph events.  Overwriting the graph with the newest event.
W1129 13:41:07.290543 140650135709440 plugin_event_accumulator.py:323] Found more than one graph event per run, or there was a metagraph containing a graph_def, as well as one or more graph events.  Overwriting the graph with the newest event.
W1129 13:41:07.292867 140650135709440 plugin_event_accumulator.py:335] Found more than one metagraph event per run. Overwriting the metagraph with the newest event.
W1129 13:41:07.368456 140650135709440 plugin_event_accumulator.py:323] Found more than one graph event per run, or there was a metagraph containing a graph_def, as well as one or more graph events.  Overwriting the graph with the newest event.
W1129 13:41:07.371001 140650135709440 plugin_event_accumulator.py:335] Found more than one metagraph event per run. Overwriting the metagraph with the newest event.
W1129 13:41:07.454676 140650135709440 plugin_event_accumulator.py:323] Found more than one graph event per run, or there was a metagraph containing a graph_def, as well as one or more graph events.  Overwriting the graph with the newest event.
W1129 13:41:07.591668 140650135709440 plugin_event_accumulator.py:323] Found more than one graph event per run, or there was a metagraph containing a graph_def, as well as one or more graph events.  Overwriting the graph with the newest event.
W1129 13:41:07.594154 140650135709440 plugin_event_accumulator.py:335] Found more than one metagraph event per run. Overwriting the metagraph with the newest event.
W1129 13:41:07.692030 140650135709440 plugin_event_accumulator.py:323] Found more than one graph event per run, or there was a metagraph containing a graph_def, as well as one or more graph events.  Overwriting the graph with the newest event.
W1129 13:41:07.694421 140650135709440 plugin_event_accumulator.py:335] Found more than one metagraph event per run. Overwriting the metagraph with the newest event.
W1129 13:41:07.824182 140650135709440 plugin_event_accumulator.py:323] Found more than one graph event per run, or there was a metagraph containing a graph_def, as well as one or more graph events.  Overwriting the graph with the newest event.
W1129 13:41:07.826444 140650135709440 plugin_event_accumulator.py:335] Found more than one metagraph event per run. Overwriting the metagraph with the newest event.
W1129 13:41:07.906989 140650135709440 plugin_event_accumulator.py:323] Found more than one graph event per run, or there was a metagraph containing a graph_def, as well as one or more graph events.  Overwriting the graph with the newest event.
W1129 13:41:08.007064 140650135709440 plugin_event_accumulator.py:323] Found more than one graph event per run, or there was a metagraph containing a graph_def, as well as one or more graph events.  Overwriting the graph with the newest event.
W1129 13:41:08.009673 140650135709440 plugin_event_accumulator.py:335] Found more than one metagraph event per run. Overwriting the metagraph with the newest event.
W1129 13:41:08.131966 140650135709440 plugin_event_accumulator.py:323] Found more than one graph event per run, or there was a metagraph containing a graph_def, as well as one or more graph events.  Overwriting the graph with the newest event.
W1129 13:41:08.134448 140650135709440 plugin_event_accumulator.py:335] Found more than one metagraph event per run. Overwriting the metagraph with the newest event.
W1129 13:41:08.319266 140650135709440 plugin_event_accumulator.py:323] Found more than one graph event per run, or there was a metagraph containing a graph_def, as well as one or more graph events.  Overwriting the graph with the newest event.
W1129 13:41:08.321997 140650135709440 plugin_event_accumulator.py:335] Found more than one metagraph event per run. Overwriting the metagraph with the newest event.
W1129 13:41:08.550668 140650135709440 plugin_event_accumulator.py:323] Found more than one graph event per run, or there was a metagraph containing a graph_def, as well as one or more graph events.  Overwriting the graph with the newest event.
W1129 13:41:08.553302 140650135709440 plugin_event_accumulator.py:335] Found more than one metagraph event per run. Overwriting the metagraph with the newest event.
W1129 13:41:08.664986 140650135709440 plugin_event_accumulator.py:323] Found more than one graph event per run, or there was a metagraph containing a graph_def, as well as one or more graph events.  Overwriting the graph with the newest event.
W1129 13:41:08.667759 140650135709440 plugin_event_accumulator.py:335] Found more than one metagraph event per run. Overwriting the metagraph with the newest event.
W1129 13:46:24.883146 140650135709440 plugin_event_accumulator.py:323] Found more than one graph event per run, or there was a metagraph containing a graph_def, as well as one or more graph events.  Overwriting the graph with the newest event.
W1129 13:54:35.609063 140650135709440 plugin_event_accumulator.py:323] Found more than one graph event per run, or there was a metagraph containing a graph_def, as well as one or more graph events.  Overwriting the graph with the newest event.
W1129 13:54:35.610423 140650135709440 plugin_event_accumulator.py:335] Found more than one metagraph event per run. Overwriting the metagraph with the newest event.
W1129 13:54:35.850323 140650135709440 plugin_event_accumulator.py:323] Found more than one graph event per run, or there was a metagraph containing a graph_def, as well as one or more graph events.  Overwriting the graph with the newest event.
W1129 13:54:36.006765 140650135709440 plugin_event_accumulator.py:323] Found more than one graph event per run, or there was a metagraph containing a graph_def, as well as one or more graph events.  Overwriting the graph with the newest event.
W1129 13:58:39.291271 140650135709440 plugin_event_accumulator.py:323] Found more than one graph event per run, or there was a metagraph containing a graph_def, as well as one or more graph events.  Overwriting the graph with the newest event.
W1129 13:58:39.308735 140650135709440 plugin_event_accumulator.py:335] Found more than one metagraph event per run. Overwriting the metagraph with the newest event.
2020-11-29 23:13:14.323588: I tensorflow/stream_executor/platform/default/dso_loader.cc:48] Successfully opened dynamic library libcudart.so.10.1
TensorBoard 2.3.0 at http://0.0.0.0:1112/ (Press CTRL+C to quit)
W1129 23:17:21.715520 139903954450176 plugin_event_accumulator.py:323] Found more than one graph event per run, or there was a metagraph containing a graph_def, as well as one or more graph events.  Overwriting the graph with the newest event.
W1129 23:17:21.721218 139903954450176 plugin_event_accumulator.py:335] Found more than one metagraph event per run. Overwriting the metagraph with the newest event.
W1129 23:17:21.736734 139903954450176 plugin_event_accumulator.py:323] Found more than one graph event per run, or there was a metagraph containing a graph_def, as well as one or more graph events.  Overwriting the graph with the newest event.
W1129 23:17:21.741350 139903954450176 plugin_event_accumulator.py:335] Found more than one metagraph event per run. Overwriting the metagraph with the newest event.
W1129 23:17:21.761859 139903954450176 plugin_event_accumulator.py:323] Found more than one graph event per run, or there was a metagraph containing a graph_def, as well as one or more graph events.  Overwriting the graph with the newest event.
W1129 23:17:21.764224 139903954450176 plugin_event_accumulator.py:335] Found more than one metagraph event per run. Overwriting the metagraph with the newest event.
W1129 23:17:21.802190 139903954450176 plugin_event_accumulator.py:323] Found more than one graph event per run, or there was a metagraph containing a graph_def, as well as one or more graph events.  Overwriting the graph with the newest event.
W1129 23:17:21.804805 139903954450176 plugin_event_accumulator.py:335] Found more than one metagraph event per run. Overwriting the metagraph with the newest event.
ERROR:tensorflow:Couldn't match files for checkpoint ./resample_traj/003/train/../model.ckpt-5005000
E1129 23:17:35.895275 139903711041280 checkpoint_management.py:363] Couldn't match files for checkpoint ./resample_traj/003/train/../model.ckpt-5005000
ERROR:tensorflow:Couldn't match files for checkpoint ./resample_traj/003/test/../model.ckpt-5005000
E1129 23:17:35.907450 139903711041280 checkpoint_management.py:363] Couldn't match files for checkpoint ./resample_traj/003/test/../model.ckpt-5005000
W1129 23:18:27.877542 139903954450176 plugin_event_accumulator.py:323] Found more than one graph event per run, or there was a metagraph containing a graph_def, as well as one or more graph events.  Overwriting the graph with the newest event.
W1129 23:18:27.879815 139903954450176 plugin_event_accumulator.py:335] Found more than one metagraph event per run. Overwriting the metagraph with the newest event.
W1129 23:18:27.902087 139903954450176 plugin_event_accumulator.py:323] Found more than one graph event per run, or there was a metagraph containing a graph_def, as well as one or more graph events.  Overwriting the graph with the newest event.
W1129 23:18:27.904170 139903954450176 plugin_event_accumulator.py:335] Found more than one metagraph event per run. Overwriting the metagraph with the newest event.
W1129 23:18:27.940047 139903954450176 plugin_event_accumulator.py:323] Found more than one graph event per run, or there was a metagraph containing a graph_def, as well as one or more graph events.  Overwriting the graph with the newest event.
W1129 23:18:27.941855 139903954450176 plugin_event_accumulator.py:335] Found more than one metagraph event per run. Overwriting the metagraph with the newest event.
W1129 23:18:35.210426 139903954450176 plugin_event_accumulator.py:323] Found more than one graph event per run, or there was a metagraph containing a graph_def, as well as one or more graph events.  Overwriting the graph with the newest event.
W1129 23:18:35.212638 139903954450176 plugin_event_accumulator.py:335] Found more than one metagraph event per run. Overwriting the metagraph with the newest event.
W1129 23:18:35.228102 139903954450176 plugin_event_accumulator.py:323] Found more than one graph event per run, or there was a metagraph containing a graph_def, as well as one or more graph events.  Overwriting the graph with the newest event.
W1129 23:18:35.230248 139903954450176 plugin_event_accumulator.py:335] Found more than one metagraph event per run. Overwriting the metagraph with the newest event.
W1129 23:18:35.251435 139903954450176 plugin_event_accumulator.py:323] Found more than one graph event per run, or there was a metagraph containing a graph_def, as well as one or more graph events.  Overwriting the graph with the newest event.
W1129 23:18:35.253646 139903954450176 plugin_event_accumulator.py:335] Found more than one metagraph event per run. Overwriting the metagraph with the newest event.
W1129 23:18:35.285214 139903954450176 plugin_event_accumulator.py:323] Found more than one graph event per run, or there was a metagraph containing a graph_def, as well as one or more graph events.  Overwriting the graph with the newest event.
W1129 23:18:35.287488 139903954450176 plugin_event_accumulator.py:335] Found more than one metagraph event per run. Overwriting the metagraph with the newest event.
W1129 23:25:14.006286 139903954450176 plugin_event_accumulator.py:323] Found more than one graph event per run, or there was a metagraph containing a graph_def, as well as one or more graph events.  Overwriting the graph with the newest event.
W1129 23:25:14.009097 139903954450176 plugin_event_accumulator.py:335] Found more than one metagraph event per run. Overwriting the metagraph with the newest event.
W1129 23:25:14.027172 139903954450176 plugin_event_accumulator.py:323] Found more than one graph event per run, or there was a metagraph containing a graph_def, as well as one or more graph events.  Overwriting the graph with the newest event.
W1129 23:25:14.029373 139903954450176 plugin_event_accumulator.py:335] Found more than one metagraph event per run. Overwriting the metagraph with the newest event.
W1129 23:25:14.059234 139903954450176 plugin_event_accumulator.py:323] Found more than one graph event per run, or there was a metagraph containing a graph_def, as well as one or more graph events.  Overwriting the graph with the newest event.
W1129 23:25:14.061253 139903954450176 plugin_event_accumulator.py:335] Found more than one metagraph event per run. Overwriting the metagraph with the newest event.
W1129 23:25:56.959246 139903954450176 plugin_event_accumulator.py:323] Found more than one graph event per run, or there was a metagraph containing a graph_def, as well as one or more graph events.  Overwriting the graph with the newest event.
W1129 23:25:56.982379 139903954450176 plugin_event_accumulator.py:335] Found more than one metagraph event per run. Overwriting the metagraph with the newest event.
W1129 23:26:02.156379 139903954450176 plugin_event_accumulator.py:323] Found more than one graph event per run, or there was a metagraph containing a graph_def, as well as one or more graph events.  Overwriting the graph with the newest event.
W1129 23:26:02.158892 139903954450176 plugin_event_accumulator.py:335] Found more than one metagraph event per run. Overwriting the metagraph with the newest event.
W1129 23:26:02.191049 139903954450176 plugin_event_accumulator.py:323] Found more than one graph event per run, or there was a metagraph containing a graph_def, as well as one or more graph events.  Overwriting the graph with the newest event.
W1129 23:26:02.193538 139903954450176 plugin_event_accumulator.py:335] Found more than one metagraph event per run. Overwriting the metagraph with the newest event.
W1129 23:26:40.972608 139903954450176 plugin_event_accumulator.py:323] Found more than one graph event per run, or there was a metagraph containing a graph_def, as well as one or more graph events.  Overwriting the graph with the newest event.
W1129 23:26:40.997185 139903954450176 plugin_event_accumulator.py:335] Found more than one metagraph event per run. Overwriting the metagraph with the newest event.
W1129 23:27:30.308619 139903954450176 plugin_event_accumulator.py:323] Found more than one graph event per run, or there was a metagraph containing a graph_def, as well as one or more graph events.  Overwriting the graph with the newest event.
W1129 23:27:30.311159 139903954450176 plugin_event_accumulator.py:335] Found more than one metagraph event per run. Overwriting the metagraph with the newest event.
W1129 23:27:30.333089 139903954450176 plugin_event_accumulator.py:323] Found more than one graph event per run, or there was a metagraph containing a graph_def, as well as one or more graph events.  Overwriting the graph with the newest event.
W1129 23:27:30.335333 139903954450176 plugin_event_accumulator.py:335] Found more than one metagraph event per run. Overwriting the metagraph with the newest event.
W1129 23:27:30.374410 139903954450176 plugin_event_accumulator.py:323] Found more than one graph event per run, or there was a metagraph containing a graph_def, as well as one or more graph events.  Overwriting the graph with the newest event.
W1129 23:27:30.378649 139903954450176 plugin_event_accumulator.py:335] Found more than one metagraph event per run. Overwriting the metagraph with the newest event.
W1129 23:27:36.669744 139903954450176 plugin_event_accumulator.py:323] Found more than one graph event per run, or there was a metagraph containing a graph_def, as well as one or more graph events.  Overwriting the graph with the newest event.
W1129 23:27:36.693951 139903954450176 plugin_event_accumulator.py:335] Found more than one metagraph event per run. Overwriting the metagraph with the newest event.
W1129 23:28:10.791093 139903954450176 plugin_event_accumulator.py:323] Found more than one graph event per run, or there was a metagraph containing a graph_def, as well as one or more graph events.  Overwriting the graph with the newest event.
W1129 23:28:10.815274 139903954450176 plugin_event_accumulator.py:335] Found more than one metagraph event per run. Overwriting the metagraph with the newest event.
W1129 23:28:38.953124 139903954450176 plugin_event_accumulator.py:323] Found more than one graph event per run, or there was a metagraph containing a graph_def, as well as one or more graph events.  Overwriting the graph with the newest event.
W1129 23:28:38.955486 139903954450176 plugin_event_accumulator.py:335] Found more than one metagraph event per run. Overwriting the metagraph with the newest event.
W1129 23:28:38.984346 139903954450176 plugin_event_accumulator.py:323] Found more than one graph event per run, or there was a metagraph containing a graph_def, as well as one or more graph events.  Overwriting the graph with the newest event.
W1129 23:28:38.986065 139903954450176 plugin_event_accumulator.py:335] Found more than one metagraph event per run. Overwriting the metagraph with the newest event.
W1129 23:29:04.279653 139903954450176 plugin_event_accumulator.py:323] Found more than one graph event per run, or there was a metagraph containing a graph_def, as well as one or more graph events.  Overwriting the graph with the newest event.
W1129 23:29:04.281642 139903954450176 plugin_event_accumulator.py:335] Found more than one metagraph event per run. Overwriting the metagraph with the newest event.
W1129 23:29:04.307698 139903954450176 plugin_event_accumulator.py:323] Found more than one graph event per run, or there was a metagraph containing a graph_def, as well as one or more graph events.  Overwriting the graph with the newest event.
W1129 23:29:04.309191 139903954450176 plugin_event_accumulator.py:335] Found more than one metagraph event per run. Overwriting the metagraph with the newest event.
W1129 23:29:47.903365 139903954450176 plugin_event_accumulator.py:323] Found more than one graph event per run, or there was a metagraph containing a graph_def, as well as one or more graph events.  Overwriting the graph with the newest event.
W1129 23:29:47.905284 139903954450176 plugin_event_accumulator.py:335] Found more than one metagraph event per run. Overwriting the metagraph with the newest event.
W1129 23:29:47.927067 139903954450176 plugin_event_accumulator.py:323] Found more than one graph event per run, or there was a metagraph containing a graph_def, as well as one or more graph events.  Overwriting the graph with the newest event.
W1129 23:29:47.928896 139903954450176 plugin_event_accumulator.py:335] Found more than one metagraph event per run. Overwriting the metagraph with the newest event.
W1129 23:29:51.986236 139903954450176 plugin_event_accumulator.py:323] Found more than one graph event per run, or there was a metagraph containing a graph_def, as well as one or more graph events.  Overwriting the graph with the newest event.
W1129 23:29:51.988309 139903954450176 plugin_event_accumulator.py:335] Found more than one metagraph event per run. Overwriting the metagraph with the newest event.
W1129 23:29:52.014521 139903954450176 plugin_event_accumulator.py:323] Found more than one graph event per run, or there was a metagraph containing a graph_def, as well as one or more graph events.  Overwriting the graph with the newest event.
W1129 23:29:52.016328 139903954450176 plugin_event_accumulator.py:335] Found more than one metagraph event per run. Overwriting the metagraph with the newest event.
W1129 23:30:34.923915 139903954450176 plugin_event_accumulator.py:323] Found more than one graph event per run, or there was a metagraph containing a graph_def, as well as one or more graph events.  Overwriting the graph with the newest event.
W1129 23:30:34.926355 139903954450176 plugin_event_accumulator.py:335] Found more than one metagraph event per run. Overwriting the metagraph with the newest event.
W1129 23:30:34.947453 139903954450176 plugin_event_accumulator.py:323] Found more than one graph event per run, or there was a metagraph containing a graph_def, as well as one or more graph events.  Overwriting the graph with the newest event.
W1129 23:30:34.949421 139903954450176 plugin_event_accumulator.py:335] Found more than one metagraph event per run. Overwriting the metagraph with the newest event.
W1129 23:30:58.664715 139903954450176 plugin_event_accumulator.py:323] Found more than one graph event per run, or there was a metagraph containing a graph_def, as well as one or more graph events.  Overwriting the graph with the newest event.
W1129 23:30:58.666687 139903954450176 plugin_event_accumulator.py:335] Found more than one metagraph event per run. Overwriting the metagraph with the newest event.
W1129 23:30:58.691940 139903954450176 plugin_event_accumulator.py:323] Found more than one graph event per run, or there was a metagraph containing a graph_def, as well as one or more graph events.  Overwriting the graph with the newest event.
W1129 23:30:58.693796 139903954450176 plugin_event_accumulator.py:335] Found more than one metagraph event per run. Overwriting the metagraph with the newest event.
W1129 23:31:47.422726 139903954450176 plugin_event_accumulator.py:323] Found more than one graph event per run, or there was a metagraph containing a graph_def, as well as one or more graph events.  Overwriting the graph with the newest event.
W1129 23:31:47.425378 139903954450176 plugin_event_accumulator.py:335] Found more than one metagraph event per run. Overwriting the metagraph with the newest event.
W1129 23:31:47.493292 139903954450176 plugin_event_accumulator.py:323] Found more than one graph event per run, or there was a metagraph containing a graph_def, as well as one or more graph events.  Overwriting the graph with the newest event.
W1129 23:31:47.495788 139903954450176 plugin_event_accumulator.py:335] Found more than one metagraph event per run. Overwriting the metagraph with the newest event.
W1129 23:32:35.713745 139903954450176 plugin_event_accumulator.py:323] Found more than one graph event per run, or there was a metagraph containing a graph_def, as well as one or more graph events.  Overwriting the graph with the newest event.
W1129 23:32:35.716687 139903954450176 plugin_event_accumulator.py:335] Found more than one metagraph event per run. Overwriting the metagraph with the newest event.
W1129 23:32:35.787811 139903954450176 plugin_event_accumulator.py:323] Found more than one graph event per run, or there was a metagraph containing a graph_def, as well as one or more graph events.  Overwriting the graph with the newest event.
W1129 23:32:35.795864 139903954450176 plugin_event_accumulator.py:335] Found more than one metagraph event per run. Overwriting the metagraph with the newest event.
W1129 23:33:27.283444 139903954450176 plugin_event_accumulator.py:323] Found more than one graph event per run, or there was a metagraph containing a graph_def, as well as one or more graph events.  Overwriting the graph with the newest event.
W1129 23:33:27.286521 139903954450176 plugin_event_accumulator.py:335] Found more than one metagraph event per run. Overwriting the metagraph with the newest event.
W1129 23:33:27.560112 139903954450176 plugin_event_accumulator.py:323] Found more than one graph event per run, or there was a metagraph containing a graph_def, as well as one or more graph events.  Overwriting the graph with the newest event.
W1129 23:33:27.562557 139903954450176 plugin_event_accumulator.py:335] Found more than one metagraph event per run. Overwriting the metagraph with the newest event.
W1129 23:34:15.911562 139903954450176 plugin_event_accumulator.py:323] Found more than one graph event per run, or there was a metagraph containing a graph_def, as well as one or more graph events.  Overwriting the graph with the newest event.
W1129 23:34:15.914970 139903954450176 plugin_event_accumulator.py:335] Found more than one metagraph event per run. Overwriting the metagraph with the newest event.
W1129 23:34:16.343233 139903954450176 plugin_event_accumulator.py:323] Found more than one graph event per run, or there was a metagraph containing a graph_def, as well as one or more graph events.  Overwriting the graph with the newest event.
W1129 23:34:16.345733 139903954450176 plugin_event_accumulator.py:335] Found more than one metagraph event per run. Overwriting the metagraph with the newest event.
W1129 23:35:09.173248 139903954450176 plugin_event_accumulator.py:323] Found more than one graph event per run, or there was a metagraph containing a graph_def, as well as one or more graph events.  Overwriting the graph with the newest event.
W1129 23:35:09.176544 139903954450176 plugin_event_accumulator.py:335] Found more than one metagraph event per run. Overwriting the metagraph with the newest event.
W1129 23:35:09.609095 139903954450176 plugin_event_accumulator.py:323] Found more than one graph event per run, or there was a metagraph containing a graph_def, as well as one or more graph events.  Overwriting the graph with the newest event.
W1129 23:35:09.611168 139903954450176 plugin_event_accumulator.py:335] Found more than one metagraph event per run. Overwriting the metagraph with the newest event.
W1129 23:35:24.849507 139903954450176 plugin_event_accumulator.py:323] Found more than one graph event per run, or there was a metagraph containing a graph_def, as well as one or more graph events.  Overwriting the graph with the newest event.
W1129 23:35:24.852107 139903954450176 plugin_event_accumulator.py:335] Found more than one metagraph event per run. Overwriting the metagraph with the newest event.
W1129 23:35:25.126408 139903954450176 plugin_event_accumulator.py:323] Found more than one graph event per run, or there was a metagraph containing a graph_def, as well as one or more graph events.  Overwriting the graph with the newest event.
W1129 23:35:25.128598 139903954450176 plugin_event_accumulator.py:335] Found more than one metagraph event per run. Overwriting the metagraph with the newest event.
W1129 23:37:33.996094 139903954450176 plugin_event_accumulator.py:323] Found more than one graph event per run, or there was a metagraph containing a graph_def, as well as one or more graph events.  Overwriting the graph with the newest event.
W1129 23:37:33.999722 139903954450176 plugin_event_accumulator.py:335] Found more than one metagraph event per run. Overwriting the metagraph with the newest event.
W1129 23:37:34.111766 139903954450176 plugin_event_accumulator.py:323] Found more than one graph event per run, or there was a metagraph containing a graph_def, as well as one or more graph events.  Overwriting the graph with the newest event.
W1129 23:37:34.114665 139903954450176 plugin_event_accumulator.py:335] Found more than one metagraph event per run. Overwriting the metagraph with the newest event.
W1129 23:39:14.214943 139903954450176 plugin_event_accumulator.py:323] Found more than one graph event per run, or there was a metagraph containing a graph_def, as well as one or more graph events.  Overwriting the graph with the newest event.
W1129 23:39:14.346636 139903954450176 plugin_event_accumulator.py:323] Found more than one graph event per run, or there was a metagraph containing a graph_def, as well as one or more graph events.  Overwriting the graph with the newest event.
W1129 23:39:14.349354 139903954450176 plugin_event_accumulator.py:335] Found more than one metagraph event per run. Overwriting the metagraph with the newest event.
W1129 23:39:14.582634 139903954450176 plugin_event_accumulator.py:323] Found more than one graph event per run, or there was a metagraph containing a graph_def, as well as one or more graph events.  Overwriting the graph with the newest event.
W1129 23:39:14.585320 139903954450176 plugin_event_accumulator.py:335] Found more than one metagraph event per run. Overwriting the metagraph with the newest event.
W1129 23:39:14.737915 139903954450176 plugin_event_accumulator.py:323] Found more than one graph event per run, or there was a metagraph containing a graph_def, as well as one or more graph events.  Overwriting the graph with the newest event.
W1129 23:39:14.740857 139903954450176 plugin_event_accumulator.py:335] Found more than one metagraph event per run. Overwriting the metagraph with the newest event.
W1129 23:39:14.971976 139903954450176 plugin_event_accumulator.py:323] Found more than one graph event per run, or there was a metagraph containing a graph_def, as well as one or more graph events.  Overwriting the graph with the newest event.
W1129 23:39:14.974400 139903954450176 plugin_event_accumulator.py:335] Found more than one metagraph event per run. Overwriting the metagraph with the newest event.
W1129 23:42:51.231976 139903954450176 plugin_event_accumulator.py:323] Found more than one graph event per run, or there was a metagraph containing a graph_def, as well as one or more graph events.  Overwriting the graph with the newest event.
W1129 23:42:51.235222 139903954450176 plugin_event_accumulator.py:335] Found more than one metagraph event per run. Overwriting the metagraph with the newest event.
W1129 23:42:51.403119 139903954450176 plugin_event_accumulator.py:323] Found more than one graph event per run, or there was a metagraph containing a graph_def, as well as one or more graph events.  Overwriting the graph with the newest event.
W1129 23:42:51.405379 139903954450176 plugin_event_accumulator.py:335] Found more than one metagraph event per run. Overwriting the metagraph with the newest event.
W1129 23:42:55.749956 139903954450176 plugin_event_accumulator.py:323] Found more than one graph event per run, or there was a metagraph containing a graph_def, as well as one or more graph events.  Overwriting the graph with the newest event.
W1129 23:42:55.752987 139903954450176 plugin_event_accumulator.py:335] Found more than one metagraph event per run. Overwriting the metagraph with the newest event.
W1129 23:42:55.914947 139903954450176 plugin_event_accumulator.py:323] Found more than one graph event per run, or there was a metagraph containing a graph_def, as well as one or more graph events.  Overwriting the graph with the newest event.
W1129 23:42:55.917602 139903954450176 plugin_event_accumulator.py:335] Found more than one metagraph event per run. Overwriting the metagraph with the newest event.
W1129 23:42:56.182901 139903954450176 plugin_event_accumulator.py:323] Found more than one graph event per run, or there was a metagraph containing a graph_def, as well as one or more graph events.  Overwriting the graph with the newest event.
W1129 23:42:56.186141 139903954450176 plugin_event_accumulator.py:335] Found more than one metagraph event per run. Overwriting the metagraph with the newest event.
W1129 23:43:19.273019 139903954450176 plugin_event_accumulator.py:323] Found more than one graph event per run, or there was a metagraph containing a graph_def, as well as one or more graph events.  Overwriting the graph with the newest event.
W1129 23:43:19.275103 139903954450176 plugin_event_accumulator.py:335] Found more than one metagraph event per run. Overwriting the metagraph with the newest event.
W1129 23:43:19.408930 139903954450176 plugin_event_accumulator.py:323] Found more than one graph event per run, or there was a metagraph containing a graph_def, as well as one or more graph events.  Overwriting the graph with the newest event.
W1129 23:43:19.416977 139903954450176 plugin_event_accumulator.py:335] Found more than one metagraph event per run. Overwriting the metagraph with the newest event.
W1129 23:43:19.516007 139903954450176 plugin_event_accumulator.py:323] Found more than one graph event per run, or there was a metagraph containing a graph_def, as well as one or more graph events.  Overwriting the graph with the newest event.
W1129 23:43:19.518727 139903954450176 plugin_event_accumulator.py:335] Found more than one metagraph event per run. Overwriting the metagraph with the newest event.
W1129 23:44:11.688386 139903954450176 plugin_event_accumulator.py:323] Found more than one graph event per run, or there was a metagraph containing a graph_def, as well as one or more graph events.  Overwriting the graph with the newest event.
W1129 23:44:11.691366 139903954450176 plugin_event_accumulator.py:335] Found more than one metagraph event per run. Overwriting the metagraph with the newest event.
W1129 23:44:11.825636 139903954450176 plugin_event_accumulator.py:323] Found more than one graph event per run, or there was a metagraph containing a graph_def, as well as one or more graph events.  Overwriting the graph with the newest event.
W1129 23:44:11.828857 139903954450176 plugin_event_accumulator.py:335] Found more than one metagraph event per run. Overwriting the metagraph with the newest event.
W1129 23:44:12.206677 139903954450176 plugin_event_accumulator.py:323] Found more than one graph event per run, or there was a metagraph containing a graph_def, as well as one or more graph events.  Overwriting the graph with the newest event.
W1129 23:44:12.209585 139903954450176 plugin_event_accumulator.py:335] Found more than one metagraph event per run. Overwriting the metagraph with the newest event.
W1129 23:44:41.395499 139903954450176 plugin_event_accumulator.py:323] Found more than one graph event per run, or there was a metagraph containing a graph_def, as well as one or more graph events.  Overwriting the graph with the newest event.
W1129 23:44:41.400268 139903954450176 plugin_event_accumulator.py:335] Found more than one metagraph event per run. Overwriting the metagraph with the newest event.
W1129 23:44:41.499450 139903954450176 plugin_event_accumulator.py:323] Found more than one graph event per run, or there was a metagraph containing a graph_def, as well as one or more graph events.  Overwriting the graph with the newest event.
W1129 23:44:41.501824 139903954450176 plugin_event_accumulator.py:335] Found more than one metagraph event per run. Overwriting the metagraph with the newest event.
W1129 23:44:48.502300 139903954450176 plugin_event_accumulator.py:323] Found more than one graph event per run, or there was a metagraph containing a graph_def, as well as one or more graph events.  Overwriting the graph with the newest event.
W1129 23:44:48.505846 139903954450176 plugin_event_accumulator.py:335] Found more than one metagraph event per run. Overwriting the metagraph with the newest event.
W1129 23:44:49.256237 139903954450176 plugin_event_accumulator.py:323] Found more than one graph event per run, or there was a metagraph containing a graph_def, as well as one or more graph events.  Overwriting the graph with the newest event.
W1129 23:44:49.259314 139903954450176 plugin_event_accumulator.py:335] Found more than one metagraph event per run. Overwriting the metagraph with the newest event.
W1129 23:45:42.288754 139903954450176 plugin_event_accumulator.py:323] Found more than one graph event per run, or there was a metagraph containing a graph_def, as well as one or more graph events.  Overwriting the graph with the newest event.
W1129 23:45:42.291736 139903954450176 plugin_event_accumulator.py:335] Found more than one metagraph event per run. Overwriting the metagraph with the newest event.
W1129 23:45:42.438633 139903954450176 plugin_event_accumulator.py:323] Found more than one graph event per run, or there was a metagraph containing a graph_def, as well as one or more graph events.  Overwriting the graph with the newest event.
W1129 23:45:42.441583 139903954450176 plugin_event_accumulator.py:335] Found more than one metagraph event per run. Overwriting the metagraph with the newest event.
W1129 23:48:45.954436 139903954450176 plugin_event_accumulator.py:323] Found more than one graph event per run, or there was a metagraph containing a graph_def, as well as one or more graph events.  Overwriting the graph with the newest event.
W1129 23:48:45.988416 139903954450176 plugin_event_accumulator.py:335] Found more than one metagraph event per run. Overwriting the metagraph with the newest event.
W1129 23:49:05.397227 139903954450176 plugin_event_accumulator.py:323] Found more than one graph event per run, or there was a metagraph containing a graph_def, as well as one or more graph events.  Overwriting the graph with the newest event.
W1129 23:49:05.423828 139903954450176 plugin_event_accumulator.py:335] Found more than one metagraph event per run. Overwriting the metagraph with the newest event.
W1129 23:56:40.460768 139903954450176 plugin_event_accumulator.py:323] Found more than one graph event per run, or there was a metagraph containing a graph_def, as well as one or more graph events.  Overwriting the graph with the newest event.
W1129 23:56:40.658078 139903954450176 plugin_event_accumulator.py:323] Found more than one graph event per run, or there was a metagraph containing a graph_def, as well as one or more graph events.  Overwriting the graph with the newest event.
W1130 00:03:26.631566 139903954450176 plugin_event_accumulator.py:323] Found more than one graph event per run, or there was a metagraph containing a graph_def, as well as one or more graph events.  Overwriting the graph with the newest event.
W1130 00:03:26.659144 139903954450176 plugin_event_accumulator.py:335] Found more than one metagraph event per run. Overwriting the metagraph with the newest event.
W1130 00:03:33.937191 139903954450176 plugin_event_accumulator.py:323] Found more than one graph event per run, or there was a metagraph containing a graph_def, as well as one or more graph events.  Overwriting the graph with the newest event.
W1130 00:03:33.964464 139903954450176 plugin_event_accumulator.py:335] Found more than one metagraph event per run. Overwriting the metagraph with the newest event.
W1130 00:03:38.596927 139903954450176 plugin_event_accumulator.py:323] Found more than one graph event per run, or there was a metagraph containing a graph_def, as well as one or more graph events.  Overwriting the graph with the newest event.
W1130 00:03:38.626881 139903954450176 plugin_event_accumulator.py:335] Found more than one metagraph event per run. Overwriting the metagraph with the newest event.
W1130 00:03:59.122775 139903954450176 plugin_event_accumulator.py:323] Found more than one graph event per run, or there was a metagraph containing a graph_def, as well as one or more graph events.  Overwriting the graph with the newest event.
W1130 00:03:59.148454 139903954450176 plugin_event_accumulator.py:335] Found more than one metagraph event per run. Overwriting the metagraph with the newest event.
E1130 00:04:07.622412 139903954450176 directory_watcher.py:262] File ./cup_catch/hard_negative/003/train/events.out.tfevents.1606675505.compute-0-25.local updated even though the current file is ./cup_catch/hard_negative/003/train/events.out.tfevents.1606678572.compute-0-25.local
W1130 00:08:41.438629 139903954450176 plugin_event_accumulator.py:323] Found more than one graph event per run, or there was a metagraph containing a graph_def, as well as one or more graph events.  Overwriting the graph with the newest event.
W1130 00:08:41.462908 139903954450176 plugin_event_accumulator.py:335] Found more than one metagraph event per run. Overwriting the metagraph with the newest event.
W1130 00:08:58.461137 139903954450176 plugin_event_accumulator.py:323] Found more than one graph event per run, or there was a metagraph containing a graph_def, as well as one or more graph events.  Overwriting the graph with the newest event.
W1130 00:08:58.488847 139903954450176 plugin_event_accumulator.py:335] Found more than one metagraph event per run. Overwriting the metagraph with the newest event.
W1130 00:09:05.956873 139903954450176 plugin_event_accumulator.py:323] Found more than one graph event per run, or there was a metagraph containing a graph_def, as well as one or more graph events.  Overwriting the graph with the newest event.
W1130 00:09:05.986872 139903954450176 plugin_event_accumulator.py:335] Found more than one metagraph event per run. Overwriting the metagraph with the newest event.
W1130 00:09:29.537181 139903954450176 plugin_event_accumulator.py:323] Found more than one graph event per run, or there was a metagraph containing a graph_def, as well as one or more graph events.  Overwriting the graph with the newest event.
W1130 00:09:29.560896 139903954450176 plugin_event_accumulator.py:335] Found more than one metagraph event per run. Overwriting the metagraph with the newest event.
W1130 00:11:33.709987 139903954450176 plugin_event_accumulator.py:323] Found more than one graph event per run, or there was a metagraph containing a graph_def, as well as one or more graph events.  Overwriting the graph with the newest event.
W1130 00:11:33.823337 139903954450176 plugin_event_accumulator.py:323] Found more than one graph event per run, or there was a metagraph containing a graph_def, as well as one or more graph events.  Overwriting the graph with the newest event.
W1130 00:11:33.908316 139903954450176 plugin_event_accumulator.py:323] Found more than one graph event per run, or there was a metagraph containing a graph_def, as well as one or more graph events.  Overwriting the graph with the newest event.
W1130 00:11:34.041190 139903954450176 plugin_event_accumulator.py:323] Found more than one graph event per run, or there was a metagraph containing a graph_def, as well as one or more graph events.  Overwriting the graph with the newest event.
W1130 00:11:34.167836 139903954450176 plugin_event_accumulator.py:323] Found more than one graph event per run, or there was a metagraph containing a graph_def, as well as one or more graph events.  Overwriting the graph with the newest event.
W1130 00:11:34.170520 139903954450176 plugin_event_accumulator.py:335] Found more than one metagraph event per run. Overwriting the metagraph with the newest event.
W1130 00:11:34.367188 139903954450176 plugin_event_accumulator.py:323] Found more than one graph event per run, or there was a metagraph containing a graph_def, as well as one or more graph events.  Overwriting the graph with the newest event.
W1130 00:11:34.369508 139903954450176 plugin_event_accumulator.py:335] Found more than one metagraph event per run. Overwriting the metagraph with the newest event.
W1130 00:11:34.553344 139903954450176 plugin_event_accumulator.py:323] Found more than one graph event per run, or there was a metagraph containing a graph_def, as well as one or more graph events.  Overwriting the graph with the newest event.
W1130 00:11:34.656985 139903954450176 plugin_event_accumulator.py:323] Found more than one graph event per run, or there was a metagraph containing a graph_def, as well as one or more graph events.  Overwriting the graph with the newest event.
W1130 00:11:34.659602 139903954450176 plugin_event_accumulator.py:335] Found more than one metagraph event per run. Overwriting the metagraph with the newest event.
W1130 00:11:34.765451 139903954450176 plugin_event_accumulator.py:323] Found more than one graph event per run, or there was a metagraph containing a graph_def, as well as one or more graph events.  Overwriting the graph with the newest event.
W1130 00:11:34.767948 139903954450176 plugin_event_accumulator.py:335] Found more than one metagraph event per run. Overwriting the metagraph with the newest event.
W1130 00:11:34.869499 139903954450176 plugin_event_accumulator.py:323] Found more than one graph event per run, or there was a metagraph containing a graph_def, as well as one or more graph events.  Overwriting the graph with the newest event.
W1130 00:11:34.972162 139903954450176 plugin_event_accumulator.py:323] Found more than one graph event per run, or there was a metagraph containing a graph_def, as well as one or more graph events.  Overwriting the graph with the newest event.
W1130 00:11:34.974709 139903954450176 plugin_event_accumulator.py:335] Found more than one metagraph event per run. Overwriting the metagraph with the newest event.
W1130 00:11:35.131149 139903954450176 plugin_event_accumulator.py:323] Found more than one graph event per run, or there was a metagraph containing a graph_def, as well as one or more graph events.  Overwriting the graph with the newest event.
W1130 00:11:35.133907 139903954450176 plugin_event_accumulator.py:335] Found more than one metagraph event per run. Overwriting the metagraph with the newest event.
W1130 00:11:35.327030 139903954450176 plugin_event_accumulator.py:323] Found more than one graph event per run, or there was a metagraph containing a graph_def, as well as one or more graph events.  Overwriting the graph with the newest event.
W1130 00:11:35.329305 139903954450176 plugin_event_accumulator.py:335] Found more than one metagraph event per run. Overwriting the metagraph with the newest event.
W1130 00:11:35.477352 139903954450176 plugin_event_accumulator.py:323] Found more than one graph event per run, or there was a metagraph containing a graph_def, as well as one or more graph events.  Overwriting the graph with the newest event.
W1130 00:11:35.597451 139903954450176 plugin_event_accumulator.py:323] Found more than one graph event per run, or there was a metagraph containing a graph_def, as well as one or more graph events.  Overwriting the graph with the newest event.
W1130 00:11:35.599818 139903954450176 plugin_event_accumulator.py:335] Found more than one metagraph event per run. Overwriting the metagraph with the newest event.
W1130 00:11:35.714172 139903954450176 plugin_event_accumulator.py:323] Found more than one graph event per run, or there was a metagraph containing a graph_def, as well as one or more graph events.  Overwriting the graph with the newest event.
W1130 00:11:35.716693 139903954450176 plugin_event_accumulator.py:335] Found more than one metagraph event per run. Overwriting the metagraph with the newest event.
W1130 00:11:35.950312 139903954450176 plugin_event_accumulator.py:323] Found more than one graph event per run, or there was a metagraph containing a graph_def, as well as one or more graph events.  Overwriting the graph with the newest event.
W1130 00:11:35.952988 139903954450176 plugin_event_accumulator.py:335] Found more than one metagraph event per run. Overwriting the metagraph with the newest event.
W1130 00:11:36.110721 139903954450176 plugin_event_accumulator.py:323] Found more than one graph event per run, or there was a metagraph containing a graph_def, as well as one or more graph events.  Overwriting the graph with the newest event.
W1130 00:11:36.113502 139903954450176 plugin_event_accumulator.py:335] Found more than one metagraph event per run. Overwriting the metagraph with the newest event.
W1130 00:11:36.293884 139903954450176 plugin_event_accumulator.py:323] Found more than one graph event per run, or there was a metagraph containing a graph_def, as well as one or more graph events.  Overwriting the graph with the newest event.
W1130 00:11:36.296410 139903954450176 plugin_event_accumulator.py:335] Found more than one metagraph event per run. Overwriting the metagraph with the newest event.
W1130 00:17:08.388341 139903954450176 plugin_event_accumulator.py:323] Found more than one graph event per run, or there was a metagraph containing a graph_def, as well as one or more graph events.  Overwriting the graph with the newest event.
W1130 00:26:38.184111 139903954450176 plugin_event_accumulator.py:323] Found more than one graph event per run, or there was a metagraph containing a graph_def, as well as one or more graph events.  Overwriting the graph with the newest event.
W1130 00:26:38.185824 139903954450176 plugin_event_accumulator.py:335] Found more than one metagraph event per run. Overwriting the metagraph with the newest event.
W1130 00:26:38.431404 139903954450176 plugin_event_accumulator.py:323] Found more than one graph event per run, or there was a metagraph containing a graph_def, as well as one or more graph events.  Overwriting the graph with the newest event.
W1130 00:26:38.638404 139903954450176 plugin_event_accumulator.py:323] Found more than one graph event per run, or there was a metagraph containing a graph_def, as well as one or more graph events.  Overwriting the graph with the newest event.
W1130 00:32:06.456593 139903954450176 plugin_event_accumulator.py:323] Found more than one graph event per run, or there was a metagraph containing a graph_def, as well as one or more graph events.  Overwriting the graph with the newest event.
W1130 00:32:06.462856 139903954450176 plugin_event_accumulator.py:335] Found more than one metagraph event per run. Overwriting the metagraph with the newest event.
